<?xml version="1.0" encoding="UTF-8"?>
<!-- Generated by org.testng.reporters.JUnitXMLReporter -->
<testsuite hostname="DESKTOP-OAVT275" ignored="0" name="Default test" tests="4" failures="0" timestamp="2020-07-03T00:51:44 EDT" time="56.104" errors="0">
  <testcase name="getData" time="2.218" classname="com.test.Excel_object"/>
  <testcase name="getData" time="2.327" classname="com.test.Excel_object"/>
  <testcase name="getData" time="2.696" classname="com.test.Excel_object"/>
  <testcase name="getData" time="2.097" classname="com.test.Excel_object"/>
</testsuite> <!-- Default test -->
